<?xml version="1.0" encoding="UTF-8"?>
<testng-results ignored="0" total="2" passed="2" failed="0" skipped="0">
  <reporter-output>
  </reporter-output>
  <suite started-at="2022-10-11T15:26:09 IST" name="Default suite" finished-at="2022-10-11T15:28:10 IST" duration-ms="121193">
    <groups>
      <group name="Chrome">
        <method signature="SearchOnFlipkart.chromeTest()[pri:0, instance:searchProduct.SearchOnFlipkart@10d307f1]" name="chromeTest" class="searchProduct.SearchOnFlipkart"/>
      </group> <!-- Chrome -->
      <group name="Edge">
        <method signature="SearchOnFlipkart.firefoxTest()[pri:0, instance:searchProduct.SearchOnFlipkart@10d307f1]" name="firefoxTest" class="searchProduct.SearchOnFlipkart"/>
      </group> <!-- Edge -->
    </groups>
    <test started-at="2022-10-11T15:26:09 IST" name="Default test" finished-at="2022-10-11T15:28:10 IST" duration-ms="121193">
      <class name="searchProduct.SearchOnFlipkart">
        <test-method is-config="true" signature="beforeTest()[pri:0, instance:searchProduct.SearchOnFlipkart@10d307f1]" started-at="2022-10-11T15:26:09 IST" name="beforeTest" finished-at="2022-10-11T15:26:09 IST" duration-ms="12" status="PASS">
          <reporter-output>
          </reporter-output>
        </test-method> <!-- beforeTest -->
        <test-method signature="chromeTest()[pri:0, instance:searchProduct.SearchOnFlipkart@10d307f1]" started-at="2022-10-11T15:26:09 IST" name="chromeTest" finished-at="2022-10-11T15:27:15 IST" duration-ms="65768" status="PASS">
          <reporter-output>
          </reporter-output>
        </test-method> <!-- chromeTest -->
        <test-method signature="firefoxTest()[pri:0, instance:searchProduct.SearchOnFlipkart@10d307f1]" started-at="2022-10-11T15:27:15 IST" name="firefoxTest" finished-at="2022-10-11T15:28:10 IST" duration-ms="55354" status="PASS">
          <reporter-output>
          </reporter-output>
        </test-method> <!-- firefoxTest -->
        <test-method is-config="true" signature="afterTest()[pri:0, instance:searchProduct.SearchOnFlipkart@10d307f1]" started-at="2022-10-11T15:28:10 IST" name="afterTest" finished-at="2022-10-11T15:28:10 IST" duration-ms="1" status="PASS">
          <reporter-output>
          </reporter-output>
        </test-method> <!-- afterTest -->
      </class> <!-- searchProduct.SearchOnFlipkart -->
    </test> <!-- Default test -->
  </suite> <!-- Default suite -->
</testng-results>
